Значение интеграла S cos(1/x)dx от 0.005 до 4 равно:
2.55396
Разница по времени: 149326 mks
Количество потоков: 1
-----------------------------------------------------------
Значение интеграла S cos(1/x)dx от 0.005 до 4 равно:
2.55396
Разница по времени: 60873 mks
Количество потоков: 2
-----------------------------------------------------------
Значение интеграла S cos(1/x)dx от 0.005 до 4 равно:
2.55396
Разница по времени: 40896 mks
Количество потоков: 3
-----------------------------------------------------------
Значение интеграла S cos(1/x)dx от 0.005 до 4 равно:
2.55396
Разница по времени: 47328 mks
Количество потоков: 4
-----------------------------------------------------------
Значение интеграла S cos(1/x)dx от 0.005 до 4 равно:
2.55396
Разница по времени: 33853 mks
Количество потоков: 5
-----------------------------------------------------------
Значение интеграла S cos(1/x)dx от 0.005 до 4 равно:
2.55396
Разница по времени: 27763 mks
Количество потоков: 6
-----------------------------------------------------------
Значение интеграла S cos(1/x)dx от 0.005 до 4 равно:
2.55396
Разница по времени: 25229 mks
Количество потоков: 7
-----------------------------------------------------------
Значение интеграла S cos(1/x)dx от 0.005 до 4 равно:
2.55396
Разница по времени: 22718 mks
Количество потоков: 8
-----------------------------------------------------------
Значение интеграла S cos(1/x)dx от 0.005 до 4 равно:
2.55396
Разница по времени: 21713 mks
Количество потоков: 9
-----------------------------------------------------------
Значение интеграла S cos(1/x)dx от 0.005 до 4 равно:
2.55396
Разница по времени: 21502 mks
Количество потоков: 10
-----------------------------------------------------------
Значение интеграла S cos(1/x)dx от 0.005 до 4 равно:
2.55396
Разница по времени: 19906 mks
Количество потоков: 11
-----------------------------------------------------------
Значение интеграла S cos(1/x)dx от 0.005 до 4 равно:
2.55396
Разница по времени: 19701 mks
Количество потоков: 12
-----------------------------------------------------------
Значение интеграла S cos(1/x)dx от 0.005 до 4 равно:
2.55396
Разница по времени: 18997 mks
Количество потоков: 13
-----------------------------------------------------------
Значение интеграла S cos(1/x)dx от 0.005 до 4 равно:
2.55396
Разница по времени: 19160 mks
Количество потоков: 14
-----------------------------------------------------------
Значение интеграла S cos(1/x)dx от 0.005 до 4 равно:
2.55396
Разница по времени: 20522 mks
Количество потоков: 15
-----------------------------------------------------------
Значение интеграла S cos(1/x)dx от 0.005 до 4 равно:
2.55396
Разница по времени: 20191 mks
Количество потоков: 16
-----------------------------------------------------------
